<?xml version="1.0" encoding="UTF-8"?>
<!-- Generated by org.testng.reporters.JUnitReportReporter -->
<testsuite hostname="LAPTOP-L8P7Q6VC" failures="0" tests="2" name="testng.C2" time="0.003" errors="0" timestamp="2025-07-03T17:08:23 IST" skipped="0">
  <testcase classname="testng.C2" name="xyz" time="0.002"/>
  <testcase classname="testng.C2" name="xyz" time="0.001"/>
</testsuite> <!-- testng.C2 -->
