<?xml version="1.0" encoding="UTF-8"?>
<!-- Generated by org.testng.reporters.JUnitReportReporter -->
<testsuite hostname="LAPTOP-L8P7Q6VC" failures="0" tests="2" name="testng.AllAnnotations" time="0.012" errors="0" timestamp="2025-07-03T15:58:19 IST" skipped="0">
  <testcase classname="testng.AllAnnotations" name="tm1" time="0.007"/>
  <testcase classname="testng.AllAnnotations" name="tm2" time="0.005"/>
</testsuite> <!-- testng.AllAnnotations -->
