<?xml version="1.0" encoding="UTF-8"?>
<!-- Generated by org.testng.reporters.JUnitReportReporter -->
<testsuite hostname="LAPTOP-L8P7Q6VC" failures="0" tests="2" name="dependencyMethods.PaymentTests" time="0.009" errors="0" timestamp="2025-07-02T15:34:02 IST" skipped="0">
  <testcase classname="dependencyMethods.PaymentTests" name="paymentinRupees" time="0.007"/>
  <testcase classname="dependencyMethods.PaymentTests" name="paymentinDollars" time="0.002"/>
</testsuite> <!-- dependencyMethods.PaymentTests -->
