<?xml version="1.0" encoding="UTF-8"?>
<!-- Generated by org.testng.reporters.JUnitReportReporter -->
<testsuite hostname="LAPTOP-L8P7Q6VC" failures="0" tests="3" name="dependencyMethods.SignupTests" time="0.012" errors="0" timestamp="2025-07-01T18:30:51 IST" skipped="0">
  <testcase classname="dependencyMethods.SignupTests" name="signupbyemail" time="0.007"/>
  <testcase classname="dependencyMethods.SignupTests" name="signupbyfacebook" time="0.001"/>
  <testcase classname="dependencyMethods.SignupTests" name="signupbytwitter" time="0.004"/>
</testsuite> <!-- dependencyMethods.SignupTests -->
