<?xml version="1.0" encoding="UTF-8"?>
<!-- Generated by org.testng.reporters.JUnitReportReporter -->
<testsuite hostname="LAPTOP-L8P7Q6VC" failures="0" tests="1" name="com.TestNG" time="0.004" errors="0" timestamp="2025-06-24T13:49:28 IST" skipped="0">
  <testcase classname="com.TestNG" name="testcase1" time="0.004"/>
</testsuite> <!-- com.TestNG -->
