<?xml version="1.0" encoding="UTF-8"?>
<!-- Generated by org.testng.reporters.JUnitReportReporter -->
<testsuite hostname="LAPTOP-L8P7Q6VC" failures="0" tests="1" name="com.AmazonSearchDropdown" time="0.515" errors="0" timestamp="2025-06-24T13:44:40 IST" skipped="0">
  <testcase classname="com.AmazonSearchDropdown" name="printAllDropdownOptions" time="0.515"/>
</testsuite> <!-- com.AmazonSearchDropdown -->
