<?xml version="1.0" encoding="UTF-8"?>
<!-- Generated by org.testng.reporters.JUnitReportReporter -->
<testsuite hostname="LAPTOP-L8P7Q6VC" failures="0" tests="6" name="parameterization_DataProvider.ParamTest" time="0.175" errors="0" timestamp="2025-07-10T18:15:18 IST" skipped="0">
  <testcase classname="parameterization_DataProvider.ParamTest" name="testLogo" time="0.063"/>
  <testcase classname="parameterization_DataProvider.ParamTest" name="testLogo" time="0.084"/>
  <testcase classname="parameterization_DataProvider.ParamTest" name="testTitle" time="0.007"/>
  <testcase classname="parameterization_DataProvider.ParamTest" name="testTitle" time="0.007"/>
  <testcase classname="parameterization_DataProvider.ParamTest" name="testURL" time="0.007"/>
  <testcase classname="parameterization_DataProvider.ParamTest" name="testURL" time="0.007"/>
</testsuite> <!-- parameterization_DataProvider.ParamTest -->
