<?xml version="1.0" encoding="UTF-8"?>
<!-- Generated by org.testng.reporters.JUnitReportReporter -->
<testsuite hostname="LAPTOP-L8P7Q6VC" failures="0" tests="3" name="dependencyMethods.LoginTests" time="0.014" errors="0" timestamp="2025-07-01T18:26:19 IST" skipped="0">
  <testcase classname="dependencyMethods.LoginTests" name="loginByEmail" time="0.009"/>
  <testcase classname="dependencyMethods.LoginTests" name="loginByFacebook" time="0.001"/>
  <testcase classname="dependencyMethods.LoginTests" name="loginBytwitter" time="0.004"/>
</testsuite> <!-- dependencyMethods.LoginTests -->
