<?xml version="1.0" encoding="UTF-8"?>
<!-- Generated by org.testng.reporters.JUnitReportReporter -->
<testsuite hostname="LAPTOP-L8P7Q6VC" failures="0" tests="2" name="testng.AnnotationsDemo2" time="0.008" errors="0" timestamp="2025-06-28T16:30:40 IST" skipped="0">
  <testcase classname="testng.AnnotationsDemo2" name="search" time="0.006"/>
  <testcase classname="testng.AnnotationsDemo2" name="advancedsearch" time="0.002"/>
</testsuite> <!-- testng.AnnotationsDemo2 -->
