<?xml version="1.0" encoding="UTF-8"?>
<!-- Generated by org.testng.reporters.JUnitReportReporter -->
<testsuite hostname="LAPTOP-L8P7Q6VC" failures="0" tests="2" name="testng.AnnotationsDemo1" time="0.017" errors="0" timestamp="2025-07-03T15:49:18 IST" skipped="0">
  <testcase classname="testng.AnnotationsDemo1" name="search" time="0.012"/>
  <testcase classname="testng.AnnotationsDemo1" name="advancedsearch" time="0.005"/>
</testsuite> <!-- testng.AnnotationsDemo1 -->
