<?xml version="1.0" encoding="UTF-8"?>
<!-- Generated by org.testng.reporters.JUnitReportReporter -->
<testsuite hostname="LAPTOP-L8P7Q6VC" failures="0" tests="2" name="testng.AllAnnotations" time="0.016" errors="0" timestamp="2025-06-29T11:28:45 IST" skipped="0">
  <testcase classname="testng.AllAnnotations" name="tm1" time="0.010"/>
  <testcase classname="testng.AllAnnotations" name="tm2" time="0.006"/>
</testsuite> <!-- testng.AllAnnotations -->
