<?xml version="1.0" encoding="UTF-8"?>
<!-- Generated by org.testng.reporters.JUnitReportReporter -->
<testsuite hostname="LAPTOP-L8P7Q6VC" failures="0" tests="2" name="com.AmazonSearchTest" time="62.342" errors="0" timestamp="2025-06-24T13:41:26 IST" skipped="0">
  <testcase classname="com.AmazonSearchTest" name="searchLaptopInElectronics" time="45.814"/>
  <testcase classname="com.AmazonSearchTest" name="applyHPBrandFilter" time="16.528"/>
</testsuite> <!-- com.AmazonSearchTest -->
