<?xml version="1.0" encoding="UTF-8"?>
<!-- Generated by org.testng.reporters.JUnitReportReporter -->
<testsuite hostname="LAPTOP-L8P7Q6VC" failures="0" tests="2" name="testng.AnnotationsDemo1" time="0.031" errors="0" timestamp="2025-06-28T15:55:24 IST" skipped="0">
  <testcase classname="testng.AnnotationsDemo1" name="search" time="0.022"/>
  <testcase classname="testng.AnnotationsDemo1" name="advancedsearch" time="0.009"/>
</testsuite> <!-- testng.AnnotationsDemo1 -->
