<?xml version="1.0" encoding="UTF-8"?>
<!-- Generated by org.testng.reporters.JUnitReportReporter -->
<testsuite hostname="LAPTOP-L8P7Q6VC" failures="0" tests="2" name="testng.C3" time="0.009" errors="0" timestamp="2025-06-29T11:11:09 IST" skipped="0">
  <testcase classname="testng.C3" name="pqr" time="0.005"/>
  <testcase classname="testng.C3" name="pqr" time="0.004"/>
</testsuite> <!-- testng.C3 -->
