<?xml version="1.0" encoding="UTF-8"?>
<!-- Generated by org.testng.reporters.JUnitReportReporter -->
<testsuite hostname="LAPTOP-L8P7Q6VC" failures="0" tests="1" name="pageobjectmodel.LoginTest" time="13.921" errors="0" timestamp="2025-07-23T17:29:32 IST" skipped="0">
  <testcase classname="pageobjectmodel.LoginTest" name="loginTest" time="13.921"/>
</testsuite> <!-- pageobjectmodel.LoginTest -->
